<?xml version="1.0" encoding="UTF-8"?><testrun name="AllTests" project="generated_java_RoadFighter_2020_multi_threaded" tests="29" started="29" failures="2" errors="0" ignored="0">
  <testsuite name="RoadFighter_2020_multi_threaded.AllTests" time="1.44">
    <testsuite name="RoadFighter_2020_multi_threaded.ADD_CARTest" time="0.002">
      <testcase name="test_add_car_01" classname="RoadFighter_2020_multi_threaded.ADD_CARTest" time="0.001"/>
      <testcase name="test_add_car_02" classname="RoadFighter_2020_multi_threaded.ADD_CARTest" time="0.0"/>
    </testsuite>
    <testsuite name="RoadFighter_2020_multi_threaded.ADD_LANETest" time="0.0">
      <testcase name="test_add_lane_01" classname="RoadFighter_2020_multi_threaded.ADD_LANETest" time="0.0"/>
      <testcase name="test_add_lane_02" classname="RoadFighter_2020_multi_threaded.ADD_LANETest" time="0.0"/>
    </testsuite>
    <testsuite name="RoadFighter_2020_multi_threaded.ADD_OBJECTTest" time="0.027">
      <testcase name="test_add_object_01" classname="RoadFighter_2020_multi_threaded.ADD_OBJECTTest" time="0.0"/>
      <testcase name="test_add_object_02" classname="RoadFighter_2020_multi_threaded.ADD_OBJECTTest" time="0.027"/>
    </testsuite>
    <testsuite name="RoadFighter_2020_multi_threaded.ADD_OBSTACLETest" time="0.013">
      <testcase name="test_add_obstacle_01" classname="RoadFighter_2020_multi_threaded.ADD_OBSTACLETest" time="0.013"/>
    </testsuite>
    <testsuite name="RoadFighter_2020_multi_threaded.APPLY_FRICTIONTest" incomplete="true">
      <testcase name="test_apply_friction_01" classname="RoadFighter_2020_multi_threaded.APPLY_FRICTIONTest" incomplete="true"/>
    </testsuite>
    <testsuite name="RoadFighter_2020_multi_threaded.CAR_RESETTest" time="0.065">
      <testcase name="test_car_reset_01" classname="RoadFighter_2020_multi_threaded.CAR_RESETTest" time="0.065"/>
    </testsuite>
    <testsuite name="RoadFighter_2020_multi_threaded.DELETE_CARTest" time="0.017">
      <testcase name="delete_car_01" classname="RoadFighter_2020_multi_threaded.DELETE_CARTest" time="0.002"/>
      <testcase name="delete_car_02" classname="RoadFighter_2020_multi_threaded.DELETE_CARTest" time="0.011">
        <failure>java.lang.AssertionError
	at org.junit.Assert.fail(Assert.java:87)
	at org.junit.Assert.assertTrue(Assert.java:42)
	at org.junit.Assert.assertTrue(Assert.java:53)
	at RoadFighter_2020_multi_threaded.DELETE_CARTest.delete_car_02(DELETE_CARTest.java:66)
	at sun.reflect.NativeMethodAccessorImpl.invoke0(Native Method)
	at sun.reflect.NativeMethodAccessorImpl.invoke(NativeMethodAccessorImpl.java:62)
	at sun.reflect.DelegatingMethodAccessorImpl.invoke(DelegatingMethodAccessorImpl.java:43)
	at java.lang.reflect.Method.invoke(Method.java:498)
	at org.junit.runners.model.FrameworkMethod$1.runReflectiveCall(FrameworkMethod.java:59)
	at org.junit.internal.runners.model.ReflectiveCallable.run(ReflectiveCallable.java:12)
	at org.junit.runners.model.FrameworkMethod.invokeExplosively(FrameworkMethod.java:56)
	at org.junit.internal.runners.statements.InvokeMethod.evaluate(InvokeMethod.java:17)
	at org.junit.internal.runners.statements.RunBefores.evaluate(RunBefores.java:26)
	at org.junit.internal.runners.statements.RunAfters.evaluate(RunAfters.java:27)
	at org.junit.runners.ParentRunner$3.evaluate(ParentRunner.java:306)
	at org.junit.runners.BlockJUnit4ClassRunner$1.evaluate(BlockJUnit4ClassRunner.java:100)
	at org.junit.runners.ParentRunner.runLeaf(ParentRunner.java:366)
	at org.junit.runners.BlockJUnit4ClassRunner.runChild(BlockJUnit4ClassRunner.java:103)
	at org.junit.runners.BlockJUnit4ClassRunner.runChild(BlockJUnit4ClassRunner.java:63)
	at org.junit.runners.ParentRunner$4.run(ParentRunner.java:331)
	at org.junit.runners.ParentRunner$1.schedule(ParentRunner.java:79)
	at org.junit.runners.ParentRunner.runChildren(ParentRunner.java:329)
	at org.junit.runners.ParentRunner.access$100(ParentRunner.java:66)
	at org.junit.runners.ParentRunner$2.evaluate(ParentRunner.java:293)
	at org.junit.internal.runners.statements.RunBefores.evaluate(RunBefores.java:26)
	at org.junit.internal.runners.statements.RunAfters.evaluate(RunAfters.java:27)
	at org.junit.runners.ParentRunner$3.evaluate(ParentRunner.java:306)
	at org.junit.runners.ParentRunner.run(ParentRunner.java:413)
	at org.junit.runners.Suite.runChild(Suite.java:128)
	at org.junit.runners.Suite.runChild(Suite.java:27)
	at org.junit.runners.ParentRunner$4.run(ParentRunner.java:331)
	at org.junit.runners.ParentRunner$1.schedule(ParentRunner.java:79)
	at org.junit.runners.ParentRunner.runChildren(ParentRunner.java:329)
	at org.junit.runners.ParentRunner.access$100(ParentRunner.java:66)
	at org.junit.runners.ParentRunner$2.evaluate(ParentRunner.java:293)
	at org.junit.runners.ParentRunner$3.evaluate(ParentRunner.java:306)
	at org.junit.runners.ParentRunner.run(ParentRunner.java:413)
	at org.eclipse.jdt.internal.junit4.runner.JUnit4TestReference.run(JUnit4TestReference.java:89)
	at org.eclipse.jdt.internal.junit.runner.TestExecution.run(TestExecution.java:41)
	at org.eclipse.jdt.internal.junit.runner.RemoteTestRunner.runTests(RemoteTestRunner.java:542)
	at org.eclipse.jdt.internal.junit.runner.RemoteTestRunner.runTests(RemoteTestRunner.java:770)
	at org.eclipse.jdt.internal.junit.runner.RemoteTestRunner.run(RemoteTestRunner.java:464)
	at org.eclipse.jdt.internal.junit.runner.RemoteTestRunner.main(RemoteTestRunner.java:210)

</failure>
      </testcase>
      <testcase name="delete_car_3" classname="RoadFighter_2020_multi_threaded.DELETE_CARTest" time="0.004">
        <failure>java.lang.AssertionError
	at org.junit.Assert.fail(Assert.java:87)
	at org.junit.Assert.assertTrue(Assert.java:42)
	at org.junit.Assert.assertTrue(Assert.java:53)
	at RoadFighter_2020_multi_threaded.DELETE_CARTest.delete_car_3(DELETE_CARTest.java:90)
	at sun.reflect.NativeMethodAccessorImpl.invoke0(Native Method)
	at sun.reflect.NativeMethodAccessorImpl.invoke(NativeMethodAccessorImpl.java:62)
	at sun.reflect.DelegatingMethodAccessorImpl.invoke(DelegatingMethodAccessorImpl.java:43)
	at java.lang.reflect.Method.invoke(Method.java:498)
	at org.junit.runners.model.FrameworkMethod$1.runReflectiveCall(FrameworkMethod.java:59)
	at org.junit.internal.runners.model.ReflectiveCallable.run(ReflectiveCallable.java:12)
	at org.junit.runners.model.FrameworkMethod.invokeExplosively(FrameworkMethod.java:56)
	at org.junit.internal.runners.statements.InvokeMethod.evaluate(InvokeMethod.java:17)
	at org.junit.internal.runners.statements.RunBefores.evaluate(RunBefores.java:26)
	at org.junit.internal.runners.statements.RunAfters.evaluate(RunAfters.java:27)
	at org.junit.runners.ParentRunner$3.evaluate(ParentRunner.java:306)
	at org.junit.runners.BlockJUnit4ClassRunner$1.evaluate(BlockJUnit4ClassRunner.java:100)
	at org.junit.runners.ParentRunner.runLeaf(ParentRunner.java:366)
	at org.junit.runners.BlockJUnit4ClassRunner.runChild(BlockJUnit4ClassRunner.java:103)
	at org.junit.runners.BlockJUnit4ClassRunner.runChild(BlockJUnit4ClassRunner.java:63)
	at org.junit.runners.ParentRunner$4.run(ParentRunner.java:331)
	at org.junit.runners.ParentRunner$1.schedule(ParentRunner.java:79)
	at org.junit.runners.ParentRunner.runChildren(ParentRunner.java:329)
	at org.junit.runners.ParentRunner.access$100(ParentRunner.java:66)
	at org.junit.runners.ParentRunner$2.evaluate(ParentRunner.java:293)
	at org.junit.internal.runners.statements.RunBefores.evaluate(RunBefores.java:26)
	at org.junit.internal.runners.statements.RunAfters.evaluate(RunAfters.java:27)
	at org.junit.runners.ParentRunner$3.evaluate(ParentRunner.java:306)
	at org.junit.runners.ParentRunner.run(ParentRunner.java:413)
	at org.junit.runners.Suite.runChild(Suite.java:128)
	at org.junit.runners.Suite.runChild(Suite.java:27)
	at org.junit.runners.ParentRunner$4.run(ParentRunner.java:331)
	at org.junit.runners.ParentRunner$1.schedule(ParentRunner.java:79)
	at org.junit.runners.ParentRunner.runChildren(ParentRunner.java:329)
	at org.junit.runners.ParentRunner.access$100(ParentRunner.java:66)
	at org.junit.runners.ParentRunner$2.evaluate(ParentRunner.java:293)
	at org.junit.runners.ParentRunner$3.evaluate(ParentRunner.java:306)
	at org.junit.runners.ParentRunner.run(ParentRunner.java:413)
	at org.eclipse.jdt.internal.junit4.runner.JUnit4TestReference.run(JUnit4TestReference.java:89)
	at org.eclipse.jdt.internal.junit.runner.TestExecution.run(TestExecution.java:41)
	at org.eclipse.jdt.internal.junit.runner.RemoteTestRunner.runTests(RemoteTestRunner.java:542)
	at org.eclipse.jdt.internal.junit.runner.RemoteTestRunner.runTests(RemoteTestRunner.java:770)
	at org.eclipse.jdt.internal.junit.runner.RemoteTestRunner.run(RemoteTestRunner.java:464)
	at org.eclipse.jdt.internal.junit.runner.RemoteTestRunner.main(RemoteTestRunner.java:210)

</failure>
      </testcase>
    </testsuite>
    <testsuite name="RoadFighter_2020_multi_threaded.DELETE_LANETest" time="0.47">
      <testcase name="test_delete_lane_01" classname="RoadFighter_2020_multi_threaded.DELETE_LANETest" time="0.47"/>
    </testsuite>
    <testsuite name="RoadFighter_2020_multi_threaded.DELETE_OBSTACLETest" time="0.026">
      <testcase name="test_delete_obstacle_01" classname="RoadFighter_2020_multi_threaded.DELETE_OBSTACLETest" time="0.026"/>
    </testsuite>
    <testsuite name="RoadFighter_2020_multi_threaded.FINISHED_LANETest" time="0.049">
      <testcase name="finished_lane_test_01" classname="RoadFighter_2020_multi_threaded.FINISHED_LANETest" time="0.049"/>
    </testsuite>
    <testsuite name="RoadFighter_2020_multi_threaded.OBJECT_COLLISIONTest" time="0.032">
      <testcase name="test" classname="RoadFighter_2020_multi_threaded.OBJECT_COLLISIONTest" time="0.032"/>
    </testsuite>
    <testsuite name="RoadFighter_2020_multi_threaded.SET_ACCTest" time="0.221">
      <testcase name="test_acc_01" classname="RoadFighter_2020_multi_threaded.SET_ACCTest" time="0.221"/>
    </testsuite>
    <testsuite name="RoadFighter_2020_multi_threaded.SET_DRIFTTest" time="0.004">
      <testcase name="test_set_drift_01" classname="RoadFighter_2020_multi_threaded.SET_DRIFTTest" time="0.004"/>
    </testsuite>
    <testsuite name="RoadFighter_2020_multi_threaded.SET_FINISH_LINETest" time="0.0">
      <testcase name="test_set_finish_line_01" classname="RoadFighter_2020_multi_threaded.SET_FINISH_LINETest" time="0.0"/>
    </testsuite>
    <testsuite name="RoadFighter_2020_multi_threaded.SET_MAXVELTest" time="0.003">
      <testcase name="test_max_vel_01" classname="RoadFighter_2020_multi_threaded.SET_MAXVELTest" time="0.003"/>
    </testsuite>
    <testsuite name="RoadFighter_2020_multi_threaded.SET_POSTest" time="0.008">
      <testcase name="set_pos_01" classname="RoadFighter_2020_multi_threaded.SET_POSTest" time="0.008"/>
    </testsuite>
    <testsuite name="RoadFighter_2020_multi_threaded.SET_VELTest" time="0.004">
      <testcase name="test_set_vel_01" classname="RoadFighter_2020_multi_threaded.SET_VELTest" time="0.004"/>
    </testsuite>
    <testsuite name="RoadFighter_2020_multi_threaded.SET_ZERO_VELTest" time="0.007">
      <testcase name="test_zero_vel_01" classname="RoadFighter_2020_multi_threaded.SET_ZERO_VELTest" time="0.007"/>
    </testsuite>
    <testsuite name="RoadFighter_2020_multi_threaded.UPDATE_SCORETest" time="0.0">
      <testcase name="test_update_score_01" classname="RoadFighter_2020_multi_threaded.UPDATE_SCORETest" time="0.0"/>
    </testsuite>
    <testsuite name="RoadFighter_2020_multi_threaded.UPDATE_VELTest" time="0.004">
      <testcase name="test_update_vel_01" classname="RoadFighter_2020_multi_threaded.UPDATE_VELTest" time="0.004"/>
    </testsuite>
    <testsuite name="RoadFighter_2020_multi_threaded.SET_RIGHT_BORDERTest" time="0.005">
      <testcase name="test_set_right_border_01" classname="RoadFighter_2020_multi_threaded.SET_RIGHT_BORDERTest" time="0.005"/>
    </testsuite>
    <testsuite name="RoadFighter_2020_multi_threaded.APPLY_FRICTIONTest" time="0.091">
      <testcase name="test_apply_friction_01" classname="RoadFighter_2020_multi_threaded.APPLY_FRICTIONTest" time="0.005"/>
    </testsuite>
    <testsuite name="RoadFighter_2020_multi_threaded.SET_LEFT_BORDERTest" time="0.314">
      <testcase name="test_set_left_border_01" classname="RoadFighter_2020_multi_threaded.SET_LEFT_BORDERTest" time="0.314"/>
    </testsuite>
    <testsuite name="RoadFighter_2020_multi_threaded.UPDATE_POSTest" time="0.067">
      <testcase name="set_update_pos_01" classname="RoadFighter_2020_multi_threaded.UPDATE_POSTest" time="0.067"/>
    </testsuite>
  </testsuite>
</testrun>
